<?xml version="1.0" encoding="UTF-8"?>
<testng-results ignored="0" total="5" passed="5" failed="0" skipped="0">
  <reporter-output>
  </reporter-output>
  <suite started-at="2025-12-22T12:32:55 IST" name="MasterSuite" finished-at="2025-12-22T12:33:44 IST" duration-ms="48532">
    <groups>
    </groups>
    <test started-at="2025-12-22T12:32:55 IST" name="Test" finished-at="2025-12-22T12:33:44 IST" duration-ms="48532">
      <class name="testCases.TC003_LoginDDT">
        <test-method is-config="true" signature="setup(java.lang.String,java.lang.String)[pri:0, instance:testCases.TC003_LoginDDT@f5958c9]" started-at="2025-12-22T12:32:55 IST" name="setup" finished-at="2025-12-22T12:33:00 IST" duration-ms="4389" status="PASS">
          <params>
            <param index="0">
              <value>
                <![CDATA[Windows]]>
              </value>
            </param>
            <param index="1">
              <value>
                <![CDATA[chrome]]>
              </value>
            </param>
          </params>
          <reporter-output>
          </reporter-output>
        </test-method> <!-- setup -->
        <test-method signature="verify_loginDDT(java.lang.String,java.lang.String,java.lang.String)[pri:0, instance:testCases.TC003_LoginDDT@f5958c9]" started-at="2025-12-22T12:33:03 IST" name="verify_loginDDT" data-provider="LoginData" finished-at="2025-12-22T12:33:06 IST" duration-ms="3024" status="PASS">
          <params>
            <param index="0">
              <value>
                <![CDATA[samm23@gmail.com]]>
              </value>
            </param>
            <param index="1">
              <value>
                <![CDATA[abc123]]>
              </value>
            </param>
            <param index="2">
              <value>
                <![CDATA[Valid]]>
              </value>
            </param>
          </params>
          <reporter-output>
          </reporter-output>
        </test-method> <!-- verify_loginDDT -->
        <test-method signature="verify_loginDDT(java.lang.String,java.lang.String,java.lang.String)[pri:0, instance:testCases.TC003_LoginDDT@f5958c9]" started-at="2025-12-22T12:33:06 IST" name="verify_loginDDT" data-provider="LoginData" finished-at="2025-12-22T12:33:17 IST" duration-ms="11640" status="PASS">
          <params>
            <param index="0">
              <value>
                <![CDATA[lakshmi@yahoo.com]]>
              </value>
            </param>
            <param index="1">
              <value>
                <![CDATA[laxmi]]>
              </value>
            </param>
            <param index="2">
              <value>
                <![CDATA[Invalid]]>
              </value>
            </param>
          </params>
          <reporter-output>
          </reporter-output>
        </test-method> <!-- verify_loginDDT -->
        <test-method signature="verify_loginDDT(java.lang.String,java.lang.String,java.lang.String)[pri:0, instance:testCases.TC003_LoginDDT@f5958c9]" started-at="2025-12-22T12:33:17 IST" name="verify_loginDDT" data-provider="LoginData" finished-at="2025-12-22T12:33:29 IST" duration-ms="11613" status="PASS">
          <params>
            <param index="0">
              <value>
                <![CDATA[laksh@yahoo.com]]>
              </value>
            </param>
            <param index="1">
              <value>
                <![CDATA[Laxshmi]]>
              </value>
            </param>
            <param index="2">
              <value>
                <![CDATA[Invalid]]>
              </value>
            </param>
          </params>
          <reporter-output>
          </reporter-output>
        </test-method> <!-- verify_loginDDT -->
        <test-method signature="verify_loginDDT(java.lang.String,java.lang.String,java.lang.String)[pri:0, instance:testCases.TC003_LoginDDT@f5958c9]" started-at="2025-12-22T12:33:29 IST" name="verify_loginDDT" data-provider="LoginData" finished-at="2025-12-22T12:33:41 IST" duration-ms="12016" status="PASS">
          <params>
            <param index="0">
              <value>
                <![CDATA[laks@gmail.com]]>
              </value>
            </param>
            <param index="1">
              <value>
                <![CDATA[qwe]]>
              </value>
            </param>
            <param index="2">
              <value>
                <![CDATA[Invalid]]>
              </value>
            </param>
          </params>
          <reporter-output>
          </reporter-output>
        </test-method> <!-- verify_loginDDT -->
        <test-method signature="verify_loginDDT(java.lang.String,java.lang.String,java.lang.String)[pri:0, instance:testCases.TC003_LoginDDT@f5958c9]" started-at="2025-12-22T12:33:41 IST" name="verify_loginDDT" data-provider="LoginData" finished-at="2025-12-22T12:33:43 IST" duration-ms="2174" status="PASS">
          <params>
            <param index="0">
              <value>
                <![CDATA[singh12@gmail.com]]>
              </value>
            </param>
            <param index="1">
              <value>
                <![CDATA[Sameera@22]]>
              </value>
            </param>
            <param index="2">
              <value>
                <![CDATA[Valid]]>
              </value>
            </param>
          </params>
          <reporter-output>
          </reporter-output>
        </test-method> <!-- verify_loginDDT -->
        <test-method is-config="true" signature="tearDown()[pri:0, instance:testCases.TC003_LoginDDT@f5958c9]" started-at="2025-12-22T12:33:43 IST" name="tearDown" finished-at="2025-12-22T12:33:44 IST" duration-ms="523" status="PASS">
          <reporter-output>
          </reporter-output>
        </test-method> <!-- tearDown -->
      </class> <!-- testCases.TC003_LoginDDT -->
    </test> <!-- Test -->
  </suite> <!-- MasterSuite -->
</testng-results>
