<?xml version="1.0" encoding="UTF-8"?>
<!-- Generated by org.testng.reporters.JUnitReportReporter -->
<testsuite hostname="DESKTOP-7A055BB" failures="0" tests="5" name="testCases.TC003_LoginDDT" time="40.467" errors="0" timestamp="2025-12-22T12:33:44 IST" skipped="0">
  <testcase classname="testCases.TC003_LoginDDT" name="verify_loginDDT" time="2.174"/>
  <testcase classname="testCases.TC003_LoginDDT" name="verify_loginDDT" time="11.613"/>
  <testcase classname="testCases.TC003_LoginDDT" name="verify_loginDDT" time="12.016"/>
  <testcase classname="testCases.TC003_LoginDDT" name="verify_loginDDT" time="3.024"/>
  <testcase classname="testCases.TC003_LoginDDT" name="verify_loginDDT" time="11.640"/>
</testsuite> <!-- testCases.TC003_LoginDDT -->
