<?xml version="1.0" encoding="UTF-8"?>
<!-- Generated by org.testng.reporters.JUnitXMLReporter -->
<testsuite ignored="0" hostname="DESKTOP-7A055BB" failures="0" tests="5" name="Test" time="48.532" errors="0" timestamp="2025-12-22T12:33:44 IST">
  <testcase classname="testCases.TC003_LoginDDT" name="verify_loginDDT" time="3.024"/>
  <testcase classname="testCases.TC003_LoginDDT" name="verify_loginDDT" time="11.64"/>
  <testcase classname="testCases.TC003_LoginDDT" name="verify_loginDDT" time="11.613"/>
  <testcase classname="testCases.TC003_LoginDDT" name="verify_loginDDT" time="12.016"/>
  <testcase classname="testCases.TC003_LoginDDT" name="verify_loginDDT" time="2.174"/>
</testsuite> <!-- Test -->
